<?xml version="1.0" encoding="windows-1252" standalone="no"?>
<!DOCTYPE log SYSTEM "logger.dtd">
<log>
<record>
  <date>2018-05-24T19:25:45</date>
  <millis>1527186345358</millis>
  <sequence>0</sequence>
  <logger>org.uma.jmetal.util.JMetalLogger</logger>
  <level>INFO</level>
  <class>org.uma.jmetal.util.JMetalLogger</class>
  <method>configureLoggers</method>
  <thread>15</thread>
  <message>Loggers configured with null</message>
</record>
<record>
  <date>2018-05-24T19:25:45</date>
  <millis>1527186345378</millis>
  <sequence>1</sequence>
  <logger>org.uma.jmetal.util.JMetalLogger</logger>
  <level>INFO</level>
  <class>org.uma.jmetal.util.experiment.component.ExecuteAlgorithms</class>
  <method>run</method>
  <thread>15</thread>
  <message>ExecuteAlgorithms: Preparing output directory</message>
</record>
<record>
  <date>2018-05-24T19:25:45</date>
  <millis>1527186345384</millis>
  <sequence>2</sequence>
  <logger>org.uma.jmetal.util.JMetalLogger</logger>
  <level>INFO</level>
  <class>org.uma.jmetal.util.experiment.util.ExperimentAlgorithm</class>
  <method>runAlgorithm</method>
  <thread>15</thread>
  <message> Running algorithm: NSGAII, problem: MyProblemInteger, run: 0, funFile: experimentBaseDirectory/ExperimentsInteger/data/NSGAII/MyProblemInteger/FUN0.tsv</message>
</record>
<record>
  <date>2018-05-24T19:26:18</date>
  <millis>1527186378235</millis>
  <sequence>3</sequence>
  <logger>org.uma.jmetal.util.JMetalLogger</logger>
  <level>INFO</level>
  <class>org.uma.jmetal.util.experiment.component.ComputeQualityIndicators</class>
  <method>run</method>
  <thread>15</thread>
  <message>Computing indicator: HV</message>
</record>
<record>
  <date>2018-05-24T19:26:18</date>
  <millis>1527186378236</millis>
  <sequence>4</sequence>
  <logger>org.uma.jmetal.util.JMetalLogger</logger>
  <level>INFO</level>
  <class>org.uma.jmetal.util.experiment.component.ComputeQualityIndicators</class>
  <method>run</method>
  <thread>15</thread>
  <message>RF: experimentBaseDirectory/referenceFronts/MyProblemInteger.rf</message>
</record>
<record>
  <date>2018-05-24T19:26:18</date>
  <millis>1527186378238</millis>
  <sequence>5</sequence>
  <logger>org.uma.jmetal.util.JMetalLogger</logger>
  <level>INFO</level>
  <class>org.uma.jmetal.util.experiment.component.ComputeQualityIndicators</class>
  <method>resetFile</method>
  <thread>15</thread>
  <message>File experimentBaseDirectory/ExperimentsInteger/data/NSGAII/MyProblemInteger/HV exist.</message>
</record>
<record>
  <date>2018-05-24T19:26:18</date>
  <millis>1527186378240</millis>
  <sequence>6</sequence>
  <logger>org.uma.jmetal.util.JMetalLogger</logger>
  <level>INFO</level>
  <class>org.uma.jmetal.util.experiment.component.ComputeQualityIndicators</class>
  <method>resetFile</method>
  <thread>15</thread>
  <message>File experimentBaseDirectory/ExperimentsInteger/data/NSGAII/MyProblemInteger/HV is a file. Deleting file.</message>
</record>
<record>
  <date>2018-05-24T19:26:18</date>
  <millis>1527186378241</millis>
  <sequence>7</sequence>
  <logger>org.uma.jmetal.util.JMetalLogger</logger>
  <level>INFO</level>
  <class>org.uma.jmetal.util.experiment.component.ComputeQualityIndicators</class>
  <method>resetFile</method>
  <thread>15</thread>
  <message>File succesfully deleted.</message>
</record>
<record>
  <date>2018-05-24T19:26:18</date>
  <millis>1527186378244</millis>
  <sequence>8</sequence>
  <logger>org.uma.jmetal.util.JMetalLogger</logger>
  <level>INFO</level>
  <class>org.uma.jmetal.util.experiment.component.ComputeQualityIndicators</class>
  <method>run</method>
  <thread>15</thread>
  <message>HV: 0.47222222222222215</message>
</record>
</log>
