<?xml version="1.0" encoding="windows-1252" standalone="no"?>
<!DOCTYPE log SYSTEM "logger.dtd">
<log>
<record>
  <date>2018-05-02T12:24:10</date>
  <millis>1525260250957</millis>
  <sequence>0</sequence>
  <logger>org.uma.jmetal.util.JMetalLogger</logger>
  <level>INFO</level>
  <class>org.uma.jmetal.util.JMetalLogger</class>
  <method>configureLoggers</method>
  <thread>14</thread>
  <message>Loggers configured with null</message>
</record>
<record>
  <date>2018-05-02T12:24:11</date>
  <millis>1525260251019</millis>
  <sequence>1</sequence>
  <logger>org.uma.jmetal.util.JMetalLogger</logger>
  <level>INFO</level>
  <class>org.uma.jmetal.util.experiment.component.ExecuteAlgorithms</class>
  <method>run</method>
  <thread>14</thread>
  <message>ExecuteAlgorithms: Preparing output directory</message>
</record>
<record>
  <date>2018-05-02T12:24:11</date>
  <millis>1525260251031</millis>
  <sequence>2</sequence>
  <logger>org.uma.jmetal.util.JMetalLogger</logger>
  <level>INFO</level>
  <class>org.uma.jmetal.util.experiment.util.ExperimentAlgorithm</class>
  <method>runAlgorithm</method>
  <thread>14</thread>
  <message> Running algorithm: PAES, problem: MyProblemBinary, run: 0, funFile: experimentBaseDirectory/ExperimentsBinary/data/PAES/MyProblemBinary/FUN0.tsv</message>
</record>
<record>
  <date>2018-05-02T12:24:11</date>
  <millis>1525260251031</millis>
  <sequence>3</sequence>
  <logger>org.uma.jmetal.util.JMetalLogger</logger>
  <level>INFO</level>
  <class>org.uma.jmetal.util.experiment.util.ExperimentAlgorithm</class>
  <method>runAlgorithm</method>
  <thread>20</thread>
  <message> Running algorithm: SPEA2, problem: MyProblemBinary, run: 0, funFile: experimentBaseDirectory/ExperimentsBinary/data/SPEA2/MyProblemBinary/FUN0.tsv</message>
</record>
<record>
  <date>2018-05-02T12:24:11</date>
  <millis>1525260251031</millis>
  <sequence>8</sequence>
  <logger>org.uma.jmetal.util.JMetalLogger</logger>
  <level>INFO</level>
  <class>org.uma.jmetal.util.experiment.util.ExperimentAlgorithm</class>
  <method>runAlgorithm</method>
  <thread>24</thread>
  <message> Running algorithm: MOCH, problem: MyProblemBinary, run: 0, funFile: experimentBaseDirectory/ExperimentsBinary/data/MOCH/MyProblemBinary/FUN0.tsv</message>
</record>
<record>
  <date>2018-05-02T12:24:11</date>
  <millis>1525260251031</millis>
  <sequence>6</sequence>
  <logger>org.uma.jmetal.util.JMetalLogger</logger>
  <level>INFO</level>
  <class>org.uma.jmetal.util.experiment.util.ExperimentAlgorithm</class>
  <method>runAlgorithm</method>
  <thread>21</thread>
  <message> Running algorithm: NSGAII, problem: MyProblemBinary, run: 0, funFile: experimentBaseDirectory/ExperimentsBinary/data/NSGAII/MyProblemBinary/FUN0.tsv</message>
</record>
<record>
  <date>2018-05-02T12:24:11</date>
  <millis>1525260251031</millis>
  <sequence>7</sequence>
  <logger>org.uma.jmetal.util.JMetalLogger</logger>
  <level>INFO</level>
  <class>org.uma.jmetal.util.experiment.util.ExperimentAlgorithm</class>
  <method>runAlgorithm</method>
  <thread>25</thread>
  <message> Running algorithm: MOCell, problem: MyProblemBinary, run: 0, funFile: experimentBaseDirectory/ExperimentsBinary/data/MOCell/MyProblemBinary/FUN0.tsv</message>
</record>
<record>
  <date>2018-05-02T12:24:11</date>
  <millis>1525260251031</millis>
  <sequence>5</sequence>
  <logger>org.uma.jmetal.util.JMetalLogger</logger>
  <level>INFO</level>
  <class>org.uma.jmetal.util.experiment.util.ExperimentAlgorithm</class>
  <method>runAlgorithm</method>
  <thread>22</thread>
  <message> Running algorithm: RandomSearch, problem: MyProblemBinary, run: 0, funFile: experimentBaseDirectory/ExperimentsBinary/data/RandomSearch/MyProblemBinary/FUN0.tsv</message>
</record>
<record>
  <date>2018-05-02T12:24:11</date>
  <millis>1525260251031</millis>
  <sequence>4</sequence>
  <logger>org.uma.jmetal.util.JMetalLogger</logger>
  <level>INFO</level>
  <class>org.uma.jmetal.util.experiment.util.ExperimentAlgorithm</class>
  <method>runAlgorithm</method>
  <thread>19</thread>
  <message> Running algorithm: SMSEMOA, problem: MyProblemBinary, run: 0, funFile: experimentBaseDirectory/ExperimentsBinary/data/SMSEMOA/MyProblemBinary/FUN0.tsv</message>
</record>
